\BOOKMARK [1][-]{section.1}{\376\377\000I\000n\000t\000r\000o\000d\000u\000c\000t\000i\000o\000n}{}% 1
\BOOKMARK [1][-]{section.2}{\376\377\000D\000e\000f\000i\000n\000i\000t\000i\000o\000n\000s}{}% 2
\BOOKMARK [1][-]{section.3}{\376\377\000O\000v\000e\000r\000v\000i\000e\000w\000\040\000o\000f\000\040\000E\000x\000p\000l\000a\000i\000n\000a\000b\000l\000e\000\040\000A\000I\000\040\000A\000l\000g\000o\000r\000i\000t\000h\000m\000s}{}% 3
\BOOKMARK [2][-]{subsection.3.1}{\376\377\000S\000e\000l\000f\000-\000i\000n\000t\000e\000r\000p\000r\000e\000t\000a\000b\000l\000e\000\040\000M\000o\000d\000e\000l\000s}{section.3}% 4
\BOOKMARK [2][-]{subsection.3.2}{\376\377\000P\000o\000s\000-\000h\000o\000c\000\040\000E\000x\000p\000l\000a\000n\000a\000t\000i\000o\000n\000s}{section.3}% 5
\BOOKMARK [2][-]{subsection.3.3}{\376\377\000L\000o\000c\000a\000l\000\040\000E\000x\000p\000l\000a\000n\000a\000t\000i\000o\000n}{section.3}% 6
\BOOKMARK [3][-]{subsubsection.3.3.1}{\376\377\000L\000I\000M\000E\000\040\000-\000\040\000L\000o\000c\000a\000l\000\040\000I\000n\000t\000e\000r\000p\000r\000e\000t\000a\000b\000l\000e\000\040\000M\000o\000d\000e\000l\000-\000a\000g\000n\000o\000s\000t\000i\000c\000\040\000E\000x\000p\000l\000a\000i\000n\000e\000r}{subsection.3.3}% 7
\BOOKMARK [3][-]{subsubsection.3.3.2}{\376\377\000S\000H\000A\000P\000\040\000-\000\040\000S\000H\000a\000p\000l\000e\000y\000\040\000A\000d\000d\000i\000t\000i\000v\000e\000\040\000e\000x\000P\000l\000a\000n\000a\000t\000i\000o\000n\000s}{subsection.3.3}% 8
\BOOKMARK [2][-]{subsection.3.4}{\376\377\000G\000l\000o\000b\000a\000l\000\040\000E\000x\000p\000l\000a\000n\000a\000t\000i\000o\000n\000s}{section.3}% 9
\BOOKMARK [3][-]{subsubsection.3.4.1}{\376\377\000P\000D\000P\000s\000\040\000-\000\040\000P\000a\000r\000t\000i\000a\000l\000\040\000D\000e\000p\000e\000n\000d\000e\000n\000c\000e\000\040\000P\000l\000o\000t\000s}{subsection.3.4}% 10
\BOOKMARK [3][-]{subsubsection.3.4.2}{\376\377\000I\000C\000E\000\040\000-\000\040\000I\000n\000d\000i\000v\000i\000d\000u\000a\000l\000\040\000C\000o\000n\000d\000i\000t\000i\000o\000n\000a\000l\000\040\000E\000x\000p\000e\000c\000t\000a\000t\000i\000o\000n\000\040\000C\000u\000r\000v\000e\000s}{subsection.3.4}% 11
\BOOKMARK [3][-]{subsubsection.3.4.3}{\376\377\000T\000C\000A\000V\000\040\000-\000\040\000T\000e\000s\000t\000i\000n\000g\000\040\000w\000i\000t\000h\000\040\000C\000o\000n\000c\000e\000p\000t\000\040\000A\000c\000t\000i\000v\000a\000t\000i\000o\000n\000\040\000V\000e\000c\000t\000o\000r\000s}{subsection.3.4}% 12
\BOOKMARK [3][-]{subsubsection.3.4.4}{\376\377\000C\000A\000V\000s\000\040\000-\000\040\000C\000o\000n\000c\000e\000p\000t\000\040\000A\000c\000t\000i\000v\000a\000t\000i\000o\000n\000\040\000V\000e\000c\000t\000o\000r\000s}{subsection.3.4}% 13
\BOOKMARK [3][-]{subsubsection.3.4.5}{\376\377\000D\000e\000c\000i\000s\000i\000o\000n\000\040\000s\000e\000t\000s}{subsection.3.4}% 14
\BOOKMARK [1][-]{section.4}{\376\377\000I\000n\000t\000e\000r\000p\000r\000e\000t\000i\000n\000g\000\040\000P\000r\000e\000d\000i\000c\000t\000i\000o\000n\000s\000\040\000-\000\040\000A\000\040\000C\000a\000s\000e\000\040\000S\000t\000u\000d\000y\000\040\000w\000i\000t\000h\000\040\000t\000h\000e\000\040\000"\000A\000d\000u\000l\000t\000\040\000I\000n\000c\000o\000m\000e\000"\000\040\000d\000a\000t\000a\000s\000e\000t}{}% 15
\BOOKMARK [2][-]{subsection.4.1}{\376\377\000U\000s\000i\000n\000g\000\040\000P\000y\000t\000h\000o\000n\000\040\000t\000o\000\040\000I\000n\000t\000e\000r\000p\000r\000e\000t\000\040\000P\000r\000e\000d\000i\000c\000t\000i\000o\000n\000s}{section.4}% 16
\BOOKMARK [3][-]{subsubsection.4.1.1}{\376\377\000L\000o\000a\000d\000i\000n\000g\000\040\000a\000n\000d\000\040\000P\000r\000e\000p\000a\000r\000i\000n\000g\000\040\000t\000h\000e\000\040\000D\000a\000t\000a\000s\000e\000t}{subsection.4.1}% 17
\BOOKMARK [3][-]{subsubsection.4.1.2}{\376\377\000T\000r\000a\000i\000n\000i\000n\000g\000\040\000a\000\040\000M\000a\000c\000h\000i\000n\000e\000\040\000L\000e\000a\000r\000n\000i\000n\000g\000\040\000M\000o\000d\000e\000l}{subsection.4.1}% 18
\BOOKMARK [3][-]{subsubsection.4.1.3}{\376\377\000E\000v\000a\000l\000u\000a\000t\000i\000n\000g\000\040\000t\000h\000e\000\040\000M\000o\000d\000e\000l}{subsection.4.1}% 19
\BOOKMARK [3][-]{subsubsection.4.1.4}{\376\377\000G\000l\000o\000b\000a\000l\000\040\000E\000x\000p\000l\000a\000n\000a\000t\000i\000o\000n\000\040\000w\000i\000t\000h\000\040\000F\000e\000a\000t\000u\000r\000e\000\040\000I\000m\000p\000o\000r\000t\000a\000n\000c\000e\000\040}{subsection.4.1}% 20
\BOOKMARK [3][-]{subsubsection.4.1.5}{\376\377\000L\000o\000c\000a\000l\000\040\000E\000x\000p\000l\000a\000n\000a\000t\000i\000o\000n\000\040\000w\000i\000t\000h\000\040\000S\000H\000A\000P}{subsection.4.1}% 21
\BOOKMARK [3][-]{subsubsection.4.1.6}{\376\377\000L\000o\000c\000a\000l\000\040\000E\000x\000p\000l\000a\000n\000a\000t\000i\000o\000n\000\040\000w\000i\000t\000h\000\040\000L\000I\000M\000E}{subsection.4.1}% 22
\BOOKMARK [1][-]{section.5}{\376\377\000C\000o\000n\000c\000l\000u\000s\000i\000o\000n}{}% 23
